This is pdfTeX, Version 3.14159265-2.6-1.40.17 (MiKTeX 2.9.6210 64-bit) (preloaded format=latex 2017.3.17)  25 MAR 2018 23:59
entering extended mode
**./Abstrak-Indo.tex
(Abstrak-Indo.tex
LaTeX2e <2017/01/01> patch level 1
Babel <3.9r> and hyphenation patterns for 75 language(s) loaded.
! Undefined control sequence.
l.1 \chapter
            *{Abstrak}
? 
! Emergency stop.
l.1 \chapter
            *{Abstrak}
End of file on the terminal!

 
Here is how much of TeX's memory you used:
 6 strings out of 493334
 112 string characters out of 3139223
 53252 words of memory out of 3000000
 3636 multiletter control sequences out of 15000+200000
 3640 words of font info for 14 fonts, out of 3000000 for 9000
 1141 hyphenation exceptions out of 8191
 5i,0n,1p,40b,8s stack positions out of 5000i,500n,10000p,200000b,50000s
No pages of output.
